TN:
SF:public\javascripts\fullscreen.js
FN:2,goFullscreen
FN:15,(anonymous_1)
FN:23,toggleFullscreen
FN:58,updateButton
FNF:4
FNH:0
FNDA:0,goFullscreen
FNDA:0,(anonymous_1)
FNDA:0,toggleFullscreen
FNDA:0,updateButton
DA:3,0
DA:4,0
DA:5,0
DA:6,0
DA:7,0
DA:8,0
DA:9,0
DA:10,0
DA:11,0
DA:15,0
DA:16,0
DA:17,0
DA:21,0
DA:24,0
DA:26,0
DA:27,0
DA:28,0
DA:29,0
DA:30,0
DA:31,0
DA:32,0
DA:33,0
DA:34,0
DA:36,0
DA:39,0
DA:40,0
DA:41,0
DA:42,0
DA:43,0
DA:44,0
DA:45,0
DA:46,0
DA:48,0
DA:53,0
DA:54,0
DA:55,0
DA:56,0
DA:59,0
DA:60,0
DA:62,0
DA:66,0
LF:41
LH:0
BRDA:4,0,0,0
BRDA:4,0,1,0
BRDA:6,1,0,0
BRDA:6,1,1,0
BRDA:8,2,0,0
BRDA:8,2,1,0
BRDA:10,3,0,0
BRDA:10,3,1,0
BRDA:16,4,0,0
BRDA:16,4,1,0
BRDA:24,5,0,0
BRDA:24,5,1,0
BRDA:24,6,0,0
BRDA:24,6,1,0
BRDA:27,7,0,0
BRDA:27,7,1,0
BRDA:29,8,0,0
BRDA:29,8,1,0
BRDA:31,9,0,0
BRDA:31,9,1,0
BRDA:33,10,0,0
BRDA:33,10,1,0
BRDA:39,11,0,0
BRDA:39,11,1,0
BRDA:41,12,0,0
BRDA:41,12,1,0
BRDA:43,13,0,0
BRDA:43,13,1,0
BRDA:45,14,0,0
BRDA:45,14,1,0
BRDA:59,15,0,0
BRDA:59,15,1,0
BRDA:59,16,0,0
BRDA:59,16,1,0
BRF:34
BRH:0
end_of_record
TN:
SF:public\javascripts\geo.js
FN:35,(anonymous_0)
FN:46,initMap
FN:93,success
FN:131,(anonymous_3)
FN:152,(anonymous_4)
FN:184,error
FN:193,(anonymous_6)
FN:195,(anonymous_7)
FN:200,(anonymous_8)
FN:229,hideTapIconMessage
FN:242,isUserNearBuilding
FN:261,getBuildingName
FN:275,updateDisplay
FN:288,formatBuildingName
FNF:14
FNH:10
FNDA:1,(anonymous_0)
FNDA:1,initMap
FNDA:1,success
FNDA:21,(anonymous_3)
FNDA:0,(anonymous_4)
FNDA:1,error
FNDA:0,(anonymous_6)
FNDA:0,(anonymous_7)
FNDA:0,(anonymous_8)
FNDA:2,hideTapIconMessage
FNDA:8,isUserNearBuilding
FNDA:1,getBuildingName
FNDA:1,updateDisplay
FNDA:1,formatBuildingName
DA:4,2
DA:29,2
DA:30,2
DA:31,2
DA:32,2
DA:35,2
DA:36,1
DA:37,1
DA:40,1
DA:41,1
DA:47,1
DA:49,1
DA:57,1
DA:64,1
DA:65,1
DA:67,0
DA:94,1
DA:95,1
DA:96,1
DA:100,1
DA:101,0
DA:104,1
DA:105,0
DA:109,1
DA:112,1
DA:113,1
DA:115,0
DA:128,1
DA:131,1
DA:133,21
DA:136,21
DA:140,21
DA:144,1
DA:147,1
DA:149,1
DA:152,1
DA:153,0
DA:155,0
DA:157,0
DA:160,0
DA:168,1
DA:170,1
DA:172,0
DA:173,0
DA:175,0
DA:180,1
DA:185,1
DA:186,1
DA:188,0
DA:193,2
DA:195,0
DA:196,0
DA:200,0
DA:201,0
DA:202,0
DA:230,2
DA:231,2
DA:232,2
DA:233,2
DA:235,2
DA:236,2
DA:243,8
DA:244,8
DA:245,8
DA:250,8
DA:262,1
DA:263,8
DA:264,8
DA:265,1
DA:268,0
DA:276,1
DA:277,1
DA:278,1
DA:279,1
DA:280,1
DA:281,1
DA:289,1
DA:318,1
DA:322,2
DA:325,2
DA:326,2
LF:81
LH:63
BRDA:40,0,0,1
BRDA:40,0,1,0
BRDA:47,1,0,1
BRDA:47,1,1,0
BRDA:53,2,0,1
BRDA:53,2,1,1
BRDA:64,3,0,1
BRDA:64,3,1,0
BRDA:100,4,0,0
BRDA:100,4,1,1
BRDA:104,5,0,0
BRDA:104,5,1,1
BRDA:112,6,0,1
BRDA:112,6,1,0
BRDA:112,7,0,1
BRDA:112,7,1,1
BRDA:112,7,2,1
BRDA:112,7,3,1
BRDA:147,8,0,1
BRDA:147,8,1,0
BRDA:153,9,0,0
BRDA:153,9,1,0
BRDA:168,10,0,1
BRDA:168,10,1,0
BRDA:168,11,0,1
BRDA:168,11,1,1
BRDA:172,12,0,0
BRDA:172,12,1,0
BRDA:172,13,0,0
BRDA:172,13,1,0
BRDA:172,13,2,0
BRDA:185,14,0,1
BRDA:185,14,1,0
BRDA:196,15,0,0
BRDA:196,15,1,0
BRDA:201,16,0,0
BRDA:201,16,1,0
BRDA:202,17,0,0
BRDA:202,17,1,0
BRDA:231,18,0,2
BRDA:231,18,1,0
BRDA:235,19,0,2
BRDA:235,19,1,0
BRDA:264,20,0,1
BRDA:264,20,1,7
BRDA:318,21,0,1
BRDA:318,21,1,1
BRF:47
BRH:23
end_of_record
TN:
SF:public\javascripts\location.js
FN:3,getUserCoords
FN:6,(anonymous_1)
FN:13,(anonymous_2)
FNF:3
FNH:0
FNDA:0,getUserCoords
FNDA:0,(anonymous_1)
FNDA:0,(anonymous_2)
DA:4,0
DA:5,0
DA:7,0
DA:8,0
DA:9,0
DA:10,0
DA:14,0
DA:18,0
DA:23,0
LF:9
LH:0
BRDA:4,0,0,0
BRDA:4,0,1,0
BRDA:9,1,0,0
BRDA:9,1,1,0
BRF:4
BRH:0
end_of_record
TN:
SF:public\javascripts\timeline.js
FN:10,selectedBuilding
FN:22,updateYear
FN:26,(anonymous_2)
FN:76,updateInfo
FN:78,(anonymous_4)
FN:106,(anonymous_5)
FN:110,(anonymous_6)
FN:115,(anonymous_7)
FN:119,(anonymous_8)
FN:126,(anonymous_9)
FN:130,(anonymous_10)
FN:134,(anonymous_11)
FN:148,toHomeScreen
FN:157,(anonymous_13)
FNF:14
FNH:0
FNDA:0,selectedBuilding
FNDA:0,updateYear
FNDA:0,(anonymous_2)
FNDA:0,updateInfo
FNDA:0,(anonymous_4)
FNDA:0,(anonymous_5)
FNDA:0,(anonymous_6)
FNDA:0,(anonymous_7)
FNDA:0,(anonymous_8)
FNDA:0,(anonymous_9)
FNDA:0,(anonymous_10)
FNDA:0,(anonymous_11)
FNDA:0,toHomeScreen
FNDA:0,(anonymous_13)
DA:4,0
DA:11,0
DA:12,0
DA:13,0
DA:14,0
DA:16,0
DA:17,0
DA:24,0
DA:26,0
DA:27,0
DA:28,0
DA:29,0
DA:32,0
DA:33,0
DA:34,0
DA:35,0
DA:36,0
DA:41,0
DA:42,0
DA:43,0
DA:44,0
DA:45,0
DA:49,0
DA:50,0
DA:51,0
DA:52,0
DA:56,0
DA:57,0
DA:58,0
DA:59,0
DA:63,0
DA:64,0
DA:65,0
DA:66,0
DA:68,0
DA:69,0
DA:77,0
DA:78,0
DA:81,0
DA:82,0
DA:83,0
DA:87,0
DA:90,0
DA:92,0
DA:93,0
DA:95,0
DA:106,0
DA:107,0
DA:110,0
DA:111,0
DA:112,0
DA:115,0
DA:116,0
DA:119,0
DA:120,0
DA:121,0
DA:122,0
DA:123,0
DA:126,0
DA:127,0
DA:130,0
DA:131,0
DA:134,0
DA:135,0
DA:137,0
DA:138,0
DA:140,0
DA:143,0
DA:149,0
DA:150,0
DA:151,0
DA:152,0
DA:157,0
DA:158,0
LF:74
LH:0
BRDA:35,0,0,0
BRDA:35,0,1,0
BRDA:41,1,0,0
BRDA:41,1,1,0
BRDA:49,2,0,0
BRDA:49,2,1,0
BRDA:49,3,0,0
BRDA:49,3,1,0
BRDA:56,4,0,0
BRDA:56,4,1,0
BRDA:56,5,0,0
BRDA:56,5,1,0
BRDA:65,6,0,0
BRDA:65,6,1,0
BRDA:68,7,0,0
BRDA:68,7,1,0
BRDA:81,8,0,0
BRDA:81,8,1,0
BRDA:92,9,0,0
BRDA:92,9,1,0
BRDA:92,10,0,0
BRDA:92,10,1,0
BRDA:137,11,0,0
BRDA:137,11,1,0
BRF:24
BRH:0
end_of_record
