TN:
SF:public\javascripts\fullscreen.js
FN:2,goFullscreen
FN:15,(anonymous_1)
FN:26,toggleFullscreen
FN:61,updateButton
FNF:4
FNH:4
FNDA:4,goFullscreen
FNDA:4,(anonymous_1)
FNDA:11,toggleFullscreen
FNDA:6,updateButton
DA:3,4
DA:4,4
DA:5,4
DA:6,0
DA:7,0
DA:8,0
DA:9,0
DA:10,0
DA:11,0
DA:15,13
DA:16,4
DA:17,4
DA:22,13
DA:24,13
DA:27,11
DA:29,6
DA:30,6
DA:31,3
DA:32,3
DA:33,1
DA:34,2
DA:35,1
DA:36,1
DA:37,1
DA:39,6
DA:42,5
DA:43,2
DA:44,3
DA:45,1
DA:46,2
DA:47,1
DA:48,1
DA:49,1
DA:51,5
DA:56,13
DA:57,13
DA:58,13
DA:59,13
DA:62,6
DA:63,3
DA:64,3
DA:66,3
DA:67,3
DA:72,13
DA:73,13
DA:75,13
LF:46
LH:40
BRDA:4,0,0,4
BRDA:4,0,1,0
BRDA:6,1,0,0
BRDA:6,1,1,0
BRDA:8,2,0,0
BRDA:8,2,1,0
BRDA:10,3,0,0
BRDA:10,3,1,0
BRDA:16,4,0,4
BRDA:16,4,1,0
BRDA:27,5,0,6
BRDA:27,5,1,5
BRDA:27,6,0,11
BRDA:27,6,1,6
BRDA:30,7,0,3
BRDA:30,7,1,3
BRDA:32,8,0,1
BRDA:32,8,1,2
BRDA:34,9,0,1
BRDA:34,9,1,1
BRDA:36,10,0,1
BRDA:36,10,1,0
BRDA:42,11,0,2
BRDA:42,11,1,3
BRDA:44,12,0,1
BRDA:44,12,1,2
BRDA:46,13,0,1
BRDA:46,13,1,1
BRDA:48,14,0,1
BRDA:48,14,1,0
BRDA:62,15,0,3
BRDA:62,15,1,3
BRDA:62,16,0,6
BRDA:62,16,1,3
BRDA:72,17,0,13
BRDA:72,17,1,0
BRDA:73,18,0,9
BRDA:73,18,1,4
BRF:38
BRH:27
end_of_record
TN:
SF:public\javascripts\geo.js
FN:42,(anonymous_0)
FN:54,(anonymous_1)
FN:60,(anonymous_2)
FN:67,(anonymous_3)
FN:72,initMap
FN:119,success
FN:157,(anonymous_6)
FN:182,(anonymous_7)
FN:191,(anonymous_8)
FN:215,error
FN:227,(anonymous_10)
FN:228,(anonymous_11)
FN:258,hideTapIconMessage
FN:271,isUserNearBuilding
FN:290,getBuildingName
FN:302,hideLoader
FNF:16
FNH:9
FNDA:1,(anonymous_0)
FNDA:0,(anonymous_1)
FNDA:0,(anonymous_2)
FNDA:0,(anonymous_3)
FNDA:1,initMap
FNDA:1,success
FNDA:22,(anonymous_6)
FNDA:0,(anonymous_7)
FNDA:0,(anonymous_8)
FNDA:1,error
FNDA:0,(anonymous_10)
FNDA:0,(anonymous_11)
FNDA:3,hideTapIconMessage
FNDA:16,isUserNearBuilding
FNDA:4,getBuildingName
FNDA:1,hideLoader
DA:4,11
DA:31,11
DA:32,11
DA:33,11
DA:34,11
DA:35,11
DA:36,11
DA:37,11
DA:42,11
DA:43,1
DA:44,1
DA:47,1
DA:48,1
DA:53,11
DA:54,0
DA:55,0
DA:59,11
DA:60,0
DA:61,0
DA:67,11
DA:68,0
DA:73,1
DA:75,1
DA:83,1
DA:90,1
DA:91,1
DA:93,0
DA:120,1
DA:121,1
DA:122,1
DA:126,1
DA:127,0
DA:130,1
DA:131,0
DA:135,1
DA:138,1
DA:139,1
DA:141,0
DA:154,1
DA:157,1
DA:159,22
DA:162,22
DA:166,22
DA:170,1
DA:173,1
DA:175,1
DA:177,1
DA:179,1
DA:180,0
DA:182,0
DA:183,0
DA:184,0
DA:185,0
DA:186,0
DA:191,0
DA:192,0
DA:199,1
DA:201,1
DA:203,0
DA:204,0
DA:206,0
DA:211,1
DA:216,1
DA:217,1
DA:219,0
DA:225,2
DA:227,2
DA:228,0
DA:229,0
DA:232,0
DA:233,0
DA:259,3
DA:260,3
DA:261,3
DA:262,3
DA:264,3
DA:265,3
DA:272,16
DA:273,16
DA:274,16
DA:279,16
DA:291,4
DA:292,14
DA:293,14
DA:294,3
DA:297,1
DA:303,1
DA:304,1
DA:305,1
DA:306,1
DA:311,2
DA:314,2
DA:315,2
LF:93
LH:68
BRDA:47,0,0,1
BRDA:47,0,1,0
BRDA:53,1,0,0
BRDA:53,1,1,11
BRDA:53,2,0,11
BRDA:53,2,1,0
BRDA:59,3,0,0
BRDA:59,3,1,11
BRDA:59,4,0,11
BRDA:59,4,1,0
BRDA:73,5,0,1
BRDA:73,5,1,0
BRDA:79,6,0,1
BRDA:79,6,1,1
BRDA:90,7,0,1
BRDA:90,7,1,0
BRDA:126,8,0,0
BRDA:126,8,1,1
BRDA:130,9,0,0
BRDA:130,9,1,1
BRDA:138,10,0,1
BRDA:138,10,1,0
BRDA:138,11,0,1
BRDA:138,11,1,1
BRDA:138,11,2,1
BRDA:138,11,3,1
BRDA:173,12,0,1
BRDA:173,12,1,0
BRDA:179,13,0,0
BRDA:179,13,1,1
BRDA:183,14,0,0
BRDA:183,14,1,0
BRDA:199,15,0,1
BRDA:199,15,1,0
BRDA:199,16,0,1
BRDA:199,16,1,1
BRDA:203,17,0,0
BRDA:203,17,1,0
BRDA:203,18,0,0
BRDA:203,18,1,0
BRDA:203,18,2,0
BRDA:216,19,0,1
BRDA:216,19,1,0
BRDA:229,20,0,0
BRDA:229,20,1,0
BRDA:232,21,0,0
BRDA:232,21,1,0
BRDA:260,22,0,3
BRDA:260,22,1,0
BRDA:264,23,0,3
BRDA:264,23,1,0
BRDA:293,24,0,3
BRDA:293,24,1,11
BRF:53
BRH:26
end_of_record
TN:
SF:public\javascripts\location.js
FN:3,getUserCoords
FN:6,(anonymous_1)
FN:13,(anonymous_2)
FNF:3
FNH:3
FNDA:5,getUserCoords
FNDA:3,(anonymous_1)
FNDA:1,(anonymous_2)
DA:4,5
DA:5,4
DA:7,3
DA:8,3
DA:9,3
DA:10,1
DA:14,1
DA:18,1
DA:23,1
LF:9
LH:9
BRDA:4,0,0,4
BRDA:4,0,1,1
BRDA:9,1,0,1
BRDA:9,1,1,2
BRF:4
BRH:4
end_of_record
TN:
SF:public\javascripts\popup.js
FN:6,(anonymous_0)
FN:10,(anonymous_1)
FN:14,openPopup
FN:18,closePopup
FNF:4
FNH:4
FNDA:1,(anonymous_0)
FNDA:1,(anonymous_1)
FNDA:2,openPopup
FNDA:2,closePopup
DA:1,4
DA:2,4
DA:3,4
DA:6,4
DA:7,1
DA:10,4
DA:11,1
DA:15,2
DA:19,2
DA:22,4
LF:10
LH:10
BRF:0
BRH:0
end_of_record
TN:
SF:public\javascripts\timeline.js
FN:10,selectedBuilding
FN:22,updateYear
FN:26,(anonymous_2)
FN:80,updateInfo
FN:82,(anonymous_4)
FN:110,(anonymous_5)
FN:114,(anonymous_6)
FN:124,(anonymous_7)
FN:128,(anonymous_8)
FN:135,(anonymous_9)
FN:139,(anonymous_10)
FN:143,(anonymous_11)
FN:157,toHomeScreen
FN:171,(anonymous_13)
FN:204,(anonymous_14)
FN:212,handlePhotoCapture
FN:250,changeBuilding
FNF:17
FNH:8
FNDA:1,selectedBuilding
FNDA:5,updateYear
FNDA:5,(anonymous_2)
FNDA:8,updateInfo
FNDA:8,(anonymous_4)
FNDA:0,(anonymous_5)
FNDA:0,(anonymous_6)
FNDA:0,(anonymous_7)
FNDA:0,(anonymous_8)
FNDA:0,(anonymous_9)
FNDA:0,(anonymous_10)
FNDA:0,(anonymous_11)
FNDA:0,toHomeScreen
FNDA:7,(anonymous_13)
FNDA:1,(anonymous_14)
FNDA:0,handlePhotoCapture
FNDA:1,changeBuilding
DA:4,1
DA:5,1
DA:6,1
DA:11,1
DA:12,1
DA:13,1
DA:14,1
DA:16,1
DA:17,1
DA:24,5
DA:26,5
DA:27,5
DA:28,5
DA:29,8
DA:32,5
DA:33,5
DA:34,5
DA:35,8
DA:36,4
DA:41,5
DA:42,3
DA:43,3
DA:44,3
DA:46,3
DA:47,2
DA:49,3
DA:53,2
DA:54,1
DA:55,1
DA:56,1
DA:60,2
DA:61,1
DA:62,1
DA:63,1
DA:67,2
DA:68,2
DA:69,2
DA:70,1
DA:72,2
DA:73,1
DA:81,8
DA:82,8
DA:85,8
DA:86,7
DA:87,7
DA:91,8
DA:94,8
DA:96,8
DA:97,0
DA:99,8
DA:110,1
DA:111,0
DA:114,1
DA:115,0
DA:116,0
DA:119,0
DA:120,0
DA:121,0
DA:124,1
DA:125,0
DA:128,1
DA:129,0
DA:130,0
DA:131,0
DA:132,0
DA:135,1
DA:136,0
DA:139,1
DA:140,0
DA:143,1
DA:144,0
DA:146,0
DA:147,0
DA:149,0
DA:152,0
DA:159,0
DA:160,0
DA:163,0
DA:164,0
DA:165,0
DA:166,0
DA:171,1
DA:173,7
DA:174,6
DA:175,6
DA:176,6
DA:177,6
DA:178,6
DA:179,6
DA:180,6
DA:181,6
DA:182,6
DA:185,1
DA:186,1
DA:187,1
DA:188,1
DA:189,1
DA:190,1
DA:191,1
DA:192,1
DA:193,1
DA:194,1
DA:196,1
DA:197,0
DA:204,1
DA:205,1
DA:209,1
DA:213,0
DA:215,0
DA:217,0
DA:218,0
DA:219,0
DA:223,0
DA:224,0
DA:225,0
DA:228,0
DA:229,0
DA:230,0
DA:231,0
DA:232,0
DA:233,0
DA:234,0
DA:235,0
DA:238,0
DA:240,0
DA:252,1
DA:254,0
DA:256,0
DA:260,0
DA:261,0
DA:264,0
DA:265,0
DA:266,0
DA:267,0
DA:268,0
DA:272,0
DA:277,1
LF:137
LH:83
BRDA:35,0,0,4
BRDA:35,0,1,4
BRDA:41,1,0,3
BRDA:41,1,1,2
BRDA:46,2,0,2
BRDA:46,2,1,1
BRDA:53,3,0,1
BRDA:53,3,1,1
BRDA:53,4,0,2
BRDA:53,4,1,1
BRDA:60,5,0,1
BRDA:60,5,1,1
BRDA:60,6,0,2
BRDA:60,6,1,2
BRDA:69,7,0,1
BRDA:69,7,1,1
BRDA:69,8,0,2
BRDA:69,8,1,1
BRDA:72,9,0,1
BRDA:72,9,1,1
BRDA:85,10,0,7
BRDA:85,10,1,1
BRDA:96,11,0,0
BRDA:96,11,1,8
BRDA:96,12,0,8
BRDA:96,12,1,1
BRDA:115,13,0,0
BRDA:115,13,1,0
BRDA:146,14,0,0
BRDA:146,14,1,0
BRDA:159,15,0,0
BRDA:159,15,1,0
BRDA:173,16,0,6
BRDA:173,16,1,1
BRDA:185,17,0,1
BRDA:185,17,1,0
BRDA:196,18,0,0
BRDA:196,18,1,1
BRDA:215,19,0,0
BRDA:215,19,1,0
BRDA:217,20,0,0
BRDA:217,20,1,0
BRDA:238,21,0,0
BRDA:238,21,1,0
BRDA:252,22,0,0
BRDA:252,22,1,1
BRDA:254,23,0,0
BRDA:254,23,1,0
BRDA:267,24,0,0
BRDA:267,24,1,0
BRF:50
BRH:30
end_of_record
